<?xml version="1.0" encoding="UTF-8"?>
<testsuite xmlns:xsi="http://www.w3.org/2001/XMLSchema-instance" xsi:noNamespaceSchemaLocation="https://maven.apache.org/surefire/maven-surefire-plugin/xsd/surefire-test-report-3.0.xsd" version="3.0" name="max.AppTest" time="0.028" tests="1" errors="0" skipped="0" failures="0">
  <properties>
    <property name="java.specification.version" value="22"/>
    <property name="sun.cpu.isalist" value="amd64"/>
    <property name="sun.jnu.encoding" value="Cp1252"/>
    <property name="java.class.path" value="C:\Users\mwp01\Documents\School\Asian-American Lit\Population Art\midterm-project\target\test-classes;C:\Users\mwp01\Documents\School\Asian-American Lit\Population Art\midterm-project\target\classes;C:\Users\mwp01\.m2\repository\junit\junit\4.11\junit-4.11.jar;C:\Users\mwp01\.m2\repository\org\hamcrest\hamcrest-core\1.3\hamcrest-core-1.3.jar;C:\Users\mwp01\.m2\repository\org\json\json\20240303\json-20240303.jar;C:\Users\mwp01\.m2\repository\org\openjfx\javafx-controls\23-ea+3\javafx-controls-23-ea+3.jar;C:\Users\mwp01\.m2\repository\org\openjfx\javafx-controls\23-ea+3\javafx-controls-23-ea+3-win.jar;C:\Users\mwp01\.m2\repository\org\openjfx\javafx-graphics\23-ea+3\javafx-graphics-23-ea+3.jar;C:\Users\mwp01\.m2\repository\org\openjfx\javafx-graphics\23-ea+3\javafx-graphics-23-ea+3-win.jar;C:\Users\mwp01\.m2\repository\org\openjfx\javafx-base\23-ea+3\javafx-base-23-ea+3.jar;C:\Users\mwp01\.m2\repository\org\openjfx\javafx-base\23-ea+3\javafx-base-23-ea+3-win.jar;"/>
    <property name="java.vm.vendor" value="Oracle Corporation"/>
    <property name="sun.arch.data.model" value="64"/>
    <property name="user.variant" value=""/>
    <property name="java.vendor.url" value="https://java.oracle.com/"/>
    <property name="user.timezone" value="America/New_York"/>
    <property name="os.name" value="Windows 10"/>
    <property name="java.vm.specification.version" value="22"/>
    <property name="sun.java.launcher" value="SUN_STANDARD"/>
    <property name="user.country" value="US"/>
    <property name="sun.boot.library.path" value="C:\Program Files\Java\jdk-22\bin"/>
    <property name="sun.java.command" value="C:\Users\mwp01\AppData\Local\Temp\surefire1400792169434085231\surefirebooter-20240401045350742_3.jar C:\Users\mwp01\AppData\Local\Temp\surefire1400792169434085231 2024-04-01T04-53-50_633-jvmRun1 surefire-20240401045350742_1tmp surefire_0-20240401045350742_2tmp"/>
    <property name="jdk.debug" value="release"/>
    <property name="surefire.test.class.path" value="C:\Users\mwp01\Documents\School\Asian-American Lit\Population Art\midterm-project\target\test-classes;C:\Users\mwp01\Documents\School\Asian-American Lit\Population Art\midterm-project\target\classes;C:\Users\mwp01\.m2\repository\junit\junit\4.11\junit-4.11.jar;C:\Users\mwp01\.m2\repository\org\hamcrest\hamcrest-core\1.3\hamcrest-core-1.3.jar;C:\Users\mwp01\.m2\repository\org\json\json\20240303\json-20240303.jar;C:\Users\mwp01\.m2\repository\org\openjfx\javafx-controls\23-ea+3\javafx-controls-23-ea+3.jar;C:\Users\mwp01\.m2\repository\org\openjfx\javafx-controls\23-ea+3\javafx-controls-23-ea+3-win.jar;C:\Users\mwp01\.m2\repository\org\openjfx\javafx-graphics\23-ea+3\javafx-graphics-23-ea+3.jar;C:\Users\mwp01\.m2\repository\org\openjfx\javafx-graphics\23-ea+3\javafx-graphics-23-ea+3-win.jar;C:\Users\mwp01\.m2\repository\org\openjfx\javafx-base\23-ea+3\javafx-base-23-ea+3.jar;C:\Users\mwp01\.m2\repository\org\openjfx\javafx-base\23-ea+3\javafx-base-23-ea+3-win.jar;"/>
    <property name="sun.cpu.endian" value="little"/>
    <property name="user.home" value="C:\Users\mwp01"/>
    <property name="user.language" value="en"/>
    <property name="java.specification.vendor" value="Oracle Corporation"/>
    <property name="java.version.date" value="2024-03-19"/>
    <property name="java.home" value="C:\Program Files\Java\jdk-22"/>
    <property name="file.separator" value="\"/>
    <property name="basedir" value="C:\Users\mwp01\Documents\School\Asian-American Lit\Population Art\midterm-project"/>
    <property name="java.vm.compressedOopsMode" value="Zero based"/>
    <property name="line.separator" value="&#10;"/>
    <property name="java.vm.specification.vendor" value="Oracle Corporation"/>
    <property name="java.specification.name" value="Java Platform API Specification"/>
    <property name="surefire.real.class.path" value="C:\Users\mwp01\AppData\Local\Temp\surefire1400792169434085231\surefirebooter-20240401045350742_3.jar"/>
    <property name="user.script" value=""/>
    <property name="sun.management.compiler" value="HotSpot 64-Bit Tiered Compilers"/>
    <property name="java.runtime.version" value="22+36-2370"/>
    <property name="user.name" value="mwp01"/>
    <property name="stdout.encoding" value="Cp1252"/>
    <property name="path.separator" value=";"/>
    <property name="os.version" value="10.0"/>
    <property name="java.runtime.name" value="Java(TM) SE Runtime Environment"/>
    <property name="file.encoding" value="UTF-8"/>
    <property name="java.vm.name" value="Java HotSpot(TM) 64-Bit Server VM"/>
    <property name="localRepository" value="C:\Users\mwp01\.m2\repository"/>
    <property name="java.vendor.url.bug" value="https://bugreport.java.com/bugreport/"/>
    <property name="java.io.tmpdir" value="C:\Users\mwp01\AppData\Local\Temp\"/>
    <property name="java.version" value="22"/>
    <property name="user.dir" value="C:\Users\mwp01\Documents\School\Asian-American Lit\Population Art\midterm-project"/>
    <property name="os.arch" value="amd64"/>
    <property name="java.vm.specification.name" value="Java Virtual Machine Specification"/>
    <property name="sun.os.patch.level" value=""/>
    <property name="native.encoding" value="Cp1252"/>
    <property name="java.library.path" value="C:\Program Files\Java\jdk-22\bin;C:\Windows\Sun\Java\bin;C:\Windows\system32;C:\Windows;C:\Program Files\Common Files\Oracle\Java\javapath;C:\Program Files (x86)\Common Files\Oracle\Java\javapath;C:\Program Files\Oculus\Support\oculus-runtime;C:\Python311\Scripts\;C:\Python311\;C:\Windows\system32;C:\Windows;C:\Windows\System32\Wbem;C:\Windows\System32\WindowsPowerShell\v1.0\;C:\Windows\System32\OpenSSH\;C:\Program Files\Git\cmd;C:\Program Files (x86)\Yarn\bin\;C:\Program Files\nodejs\;C:\ProgramData\chocolatey\bin;C:\Program Files\apache-maven-3.9.6\bin;C:\Program Files\MySQL\MySQL Shell 8.0\bin\;C:\Users\mwp01\AppData\Local\Microsoft\WindowsApps;C:\Users\mwp01\AppData\Local\Programs\Microsoft VS Code\bin;C:\Users\mwp01\AppData\Local\GitHubDesktop\bin;C:\Users\mwp01\AppData\Local\Yarn\bin;C:\Users\mwp01\AppData\Roaming\npm;."/>
    <property name="java.vm.info" value="mixed mode, sharing"/>
    <property name="stderr.encoding" value="Cp1252"/>
    <property name="java.vendor" value="Oracle Corporation"/>
    <property name="java.vm.version" value="22+36-2370"/>
    <property name="sun.io.unicode.encoding" value="UnicodeLittle"/>
    <property name="java.class.version" value="66.0"/>
  </properties>
  <testcase name="shouldAnswerWithTrue" classname="max.AppTest" time="0.002"/>
</testsuite>